#
# A fatal error has been detected by the Java Runtime Environment:
#
#  EXCEPTION_ACCESS_VIOLATION (0xc0000005) at pc=0x0000000070234fb1, pid=19744, tid=0x0000000000006a40
#
# JRE version: Java(TM) SE Runtime Environment (8.0_161-b12) (build 1.8.0_161-b12)
# Java VM: Java HotSpot(TM) 64-Bit Server VM (25.161-b12 mixed mode windows-amd64 compressed oops)
# Problematic frame:
# V  [jvm.dll+0x114fb1]
#
# Failed to write core dump. Minidumps are not enabled by default on client versions of Windows
#
# If you would like to submit a bug report, please visit:
#   http://bugreport.java.com/bugreport/crash.jsp
#

---------------  T H R E A D  ---------------

Current thread (0x00000000026d0000):  GCTaskThread [stack: 0x0000000012cf0000,0x0000000012df0000] [id=27200]

siginfo: ExceptionCode=0xc0000005, reading address 0x0000000100000000

Registers:
RAX=0x00000000026cb3c0, RBX=0x00000000f2239004, RCX=0x0000000000000000, RDX=0x00000000007911c8
RSP=0x0000000012def350, RBP=0x0000000056e5ab40, RSI=0x00000000169f8d80, RDI=0x00000000f2238ff8
R8 =0x00000000fffffffc, R9 =0x00000000000000ad, R10=0x0000000000000008, R11=0x00000000f223c010
R12=0x00000000169f8d78, R13=0x00000000f2238fd8, R14=0x0000000000000000, R15=0x00000000026cb580
RIP=0x0000000070234fb1, EFLAGS=0x0000000000010206

Top of Stack: (sp=0x0000000012def350)
0x0000000012def350:   00000000f223900d 00000000f223900d
0x0000000012def360:   00000000f1fe74c8 00000000f1fe74bc
0x0000000012def370:   0000000000000035 00000000125b082d
0x0000000012def380:   00000000f2238fd8 0000000070521871
0x0000000012def390:   00000000f97d8fc8 0000000000000007
0x0000000012def3a0:   0000000056e5ab40 0000000000000001
0x0000000012def3b0:   00000000f2234020 0000000000001000
0x0000000012def3c0:   0000000056e5ab40 00000000702330f3
0x0000000012def3d0:   0000000000000000 0000000056e5ab00
0x0000000012def3e0:   00000000125b082d 0000000070521960
0x0000000012def3f0:   00000000f2238fd0 00000000125b0881
0x0000000012def400:   0000000056e5ab40 00000000a0105c00
0x0000000012def410:   00000000f2238fd0 0000000070522505
0x0000000012def420:   00000000f957ebe0 00000000125b0881
0x0000000012def430:   0000000056e5ab40 0000000000000004
0x0000000012def440:   0000000056e5ab40 0000000056d94d20 

Instructions: (pc=0x0000000070234fb1)
0x0000000070234f91:   8b 43 fc 48 83 eb 04 4c 3b 05 d9 a9 70 00 72 7f
0x0000000070234fa1:   8b 0d f1 e7 68 00 49 d3 e0 4c 03 05 df e7 68 00
0x0000000070234fb1:   49 8b 00 24 03 3c 03 75 56 4d 8b 00 80 3d 9c 3f
0x0000000070234fc1:   69 00 00 74 0f 41 0f b6 c0 24 07 3c 05 75 05 45 


Register to memory mapping:

RAX=0x00000000026cb3c0 is an unknown value
RBX=0x00000000f2239004 is an unknown value
RCX=0x0000000000000000 is an unknown value
RDX=0x00000000007911c8 is an unknown value
RSP=0x0000000012def350 is an unknown value
RBP=0x0000000056e5ab40 is an unknown value
RSI=0x00000000169f8d80 is pointing into metadata
RDI=0x00000000f2238ff8 is an unknown value
R8 =0x00000000fffffffc is an unknown value
R9 =0x00000000000000ad is an unknown value
R10=0x0000000000000008 is an unknown value
R11=0x00000000f223c010 is an unknown value
R12=0x00000000169f8d78 is pointing into metadata
R13=0x00000000f2238fd8 is an oop
scala.reflect.io.FileZipArchive$FileEntry$1 
 - klass: 'scala/reflect/io/FileZipArchive$FileEntry$1'
R14=0x0000000000000000 is an unknown value
R15=0x00000000026cb580 is an unknown value


Stack: [0x0000000012cf0000,0x0000000012df0000],  sp=0x0000000012def350,  free space=1020k
Native frames: (J=compiled Java code, j=interpreted, Vv=VM code, C=native code)
V  [jvm.dll+0x114fb1]
V  [jvm.dll+0x401871]
V  [jvm.dll+0x401960]
V  [jvm.dll+0x402505]
V  [jvm.dll+0x3f203f]
V  [jvm.dll+0x404522]
V  [jvm.dll+0x3f380e]
V  [jvm.dll+0x29cc4a]
C  [msvcr100.dll+0x21d9f]
C  [msvcr100.dll+0x21e3b]
C  [kernel32.dll+0x159cd]
C  [ntdll.dll+0x2a561]


---------------  P R O C E S S  ---------------

Java Threads: ( => current thread )
  0x00000000583b3000 JavaThread "Keep-Alive-Timer" daemon [_thread_blocked, id=22796, stack(0x000000005e890000,0x000000005e990000)]
  0x00000000583b7000 JavaThread "pool-6-thread-1" [_thread_in_native, id=22896, stack(0x0000000062aa0000,0x0000000062ba0000)]
  0x00000000583b4000 JavaThread "sbt-web-akka.actor.default-dispatcher-3" [_thread_blocked, id=20952, stack(0x0000000063350000,0x0000000063450000)]
  0x00000000583b1000 JavaThread "sbt-web-scheduler-1" [_thread_blocked, id=25420, stack(0x0000000063140000,0x0000000063240000)]
  0x00000000583cf000 JavaThread "Service Thread" daemon [_thread_blocked, id=17080, stack(0x0000000058c30000,0x0000000058d30000)]
  0x00000000583ab800 JavaThread "C1 CompilerThread2" daemon [_thread_blocked, id=11436, stack(0x0000000058a50000,0x0000000058b50000)]
  0x0000000058353000 JavaThread "C2 CompilerThread1" daemon [_thread_blocked, id=2196, stack(0x00000000587a0000,0x00000000588a0000)]
  0x0000000056ec9000 JavaThread "C2 CompilerThread0" daemon [_thread_blocked, id=13640, stack(0x00000000580d0000,0x00000000581d0000)]
  0x0000000056ec3000 JavaThread "Attach Listener" daemon [_thread_blocked, id=28008, stack(0x0000000058250000,0x0000000058350000)]
  0x0000000056ec1800 JavaThread "Signal Dispatcher" daemon [_thread_blocked, id=28976, stack(0x0000000057e80000,0x0000000057f80000)]
  0x0000000056eac800 JavaThread "Finalizer" daemon [_thread_blocked, id=19640, stack(0x0000000057f90000,0x0000000058090000)]
  0x0000000056e65800 JavaThread "Reference Handler" daemon [_thread_blocked, id=25700, stack(0x0000000057cd0000,0x0000000057dd0000)]
  0x00000000026b8000 JavaThread "main" [_thread_blocked, id=6528, stack(0x0000000002e20000,0x0000000002f20000)]

Other Threads:
  0x0000000056e5d800 VMThread [stack: 0x0000000057bb0000,0x0000000057cb0000] [id=13304]
  0x00000000583d3800 WatcherThread [stack: 0x0000000058e50000,0x0000000058f50000] [id=21704]

=>0x00000000026d0000 (exited) GCTaskThread [stack: 0x0000000012cf0000,0x0000000012df0000] [id=27200]

VM state:at safepoint (normal execution)

VM Mutex/Monitor currently owned by a thread:  ([mutex/lock_event])
[0x00000000027ae460] Threads_lock - owner thread: 0x0000000056e5d800
[0x00000000027ae960] Heap_lock - owner thread: 0x00000000583b3000

Heap:
 PSYoungGen      total 402944K, used 368881K [0x00000000e0000000, 0x0000000100000000, 0x0000000100000000)
  eden space 292864K, 100% used [0x00000000e0000000,0x00000000f1e00000,0x00000000f1e00000)
  from space 110080K, 69% used [0x00000000f9480000,0x00000000fdebc5d0,0x0000000100000000)
  to   space 115712K, 58% used [0x00000000f1e00000,0x00000000f604b180,0x00000000f8f00000)
 ParOldGen       total 210944K, used 99667K [0x00000000a0000000, 0x00000000ace00000, 0x00000000e0000000)
  object space 210944K, 47% used [0x00000000a0000000,0x00000000a6154e10,0x00000000ace00000)
 Metaspace       used 77013K, capacity 77728K, committed 77976K, reserved 1114112K
  class space    used 13952K, capacity 14166K, committed 14248K, reserved 1048576K

Card table byte_map: [0x00000000125b0000,0x00000000128c0000] byte_map_base: 0x00000000120b0000

Marking Bits: (ParMarkBitMap*) 0x000000007093f860
 Begin Bits: [0x00000000131d0000, 0x00000000149d0000)
 End Bits:   [0x00000000149d0000, 0x00000000161d0000)

Polling page: 0x0000000000180000

CodeCache: size=245760Kb used=45447Kb max_used=45752Kb free=200312Kb
 bounds [0x00000000031f0000, 0x0000000005ef0000, 0x00000000121f0000]
 total_blobs=12517 nmethods=11992 adapters=433
 compilation: enabled

Compilation events (10 events):
Event: 959.525 Thread 0x0000000056ec9000 15264       4       java.net.URLPermission::normalizeHeaders (230 bytes)
Event: 959.553 Thread 0x0000000056ec9000 nmethod 15264 0x000000000477f210 code [0x000000000477f440, 0x0000000004781098]
Event: 961.934 Thread 0x00000000583ab800 15265       3       java.io.BufferedReader::<init> (9 bytes)
Event: 961.934 Thread 0x00000000583ab800 nmethod 15265 0x000000000417f9d0 code [0x000000000417fb40, 0x000000000417fce8]
Event: 1066.054 Thread 0x0000000058353000 15266 % !   4       org.apache.ivy.util.ChecksumHelper::compute @ 28 (75 bytes)
Event: 1066.056 Thread 0x0000000058353000 nmethod 15266% 0x0000000003b90c10 code [0x0000000003b90d80, 0x0000000003b91078]
Event: 1066.074 Thread 0x00000000583ab800 15267       3       org.apache.ivy.plugins.resolver.AbstractResolver::getCacheDownloadOptions (16 bytes)
Event: 1066.074 Thread 0x00000000583ab800 nmethod 15267 0x0000000004611450 code [0x00000000046115e0, 0x0000000004611ab0]
Event: 1186.095 Thread 0x00000000583ab800 15268       3       org.apache.ivy.plugins.resolver.AbstractResolver$1::endArtifactDownload (36 bytes)
Event: 1186.096 Thread 0x00000000583ab800 nmethod 15268 0x0000000003f9a050 code [0x0000000003f9a1e0, 0x0000000003f9a4d8]

GC Heap History (10 events):
Event: 105.452 GC heap after
Heap after GC invocations=19 (full 5):
 PSYoungGen      total 407040K, used 58339K [0x00000000e0000000, 0x0000000100000000, 0x0000000100000000)
  eden space 348672K, 0% used [0x00000000e0000000,0x00000000e0000000,0x00000000f5480000)
  from space 58368K, 99% used [0x00000000fa900000,0x00000000fe1f8d88,0x00000000fe200000)
  to   space 86528K, 0% used [0x00000000f5480000,0x00000000f5480000,0x00000000fa900000)
 ParOldGen       total 210944K, used 99643K [0x00000000a0000000, 0x00000000ace00000, 0x00000000e0000000)
  object space 210944K, 47% used [0x00000000a0000000,0x00000000a614ee10,0x00000000ace00000)
 Metaspace       used 73757K, capacity 74448K, committed 74520K, reserved 1110016K
  class space    used 13433K, capacity 13607K, committed 13608K, reserved 1048576K
}
Event: 243.729 GC heap before
{Heap before GC invocations=20 (full 5):
 PSYoungGen      total 407040K, used 407011K [0x00000000e0000000, 0x0000000100000000, 0x0000000100000000)
  eden space 348672K, 100% used [0x00000000e0000000,0x00000000f5480000,0x00000000f5480000)
  from space 58368K, 99% used [0x00000000fa900000,0x00000000fe1f8d88,0x00000000fe200000)
  to   space 86528K, 0% used [0x00000000f5480000,0x00000000f5480000,0x00000000fa900000)
 ParOldGen       total 210944K, used 99643K [0x00000000a0000000, 0x00000000ace00000, 0x00000000e0000000)
  object space 210944K, 47% used [0x00000000a0000000,0x00000000a614ee10,0x00000000ace00000)
 Metaspace       used 76717K, capacity 77428K, committed 77720K, reserved 1112064K
  class space    used 13944K, capacity 14132K, committed 14248K, reserved 1048576K
Event: 243.792 GC heap after
Heap after GC invocations=20 (full 5):
 PSYoungGen      total 419328K, used 70503K [0x00000000e0000000, 0x0000000100000000, 0x0000000100000000)
  eden space 348672K, 0% used [0x00000000e0000000,0x00000000e0000000,0x00000000f5480000)
  from space 70656K, 99% used [0x00000000f5480000,0x00000000f9959fa0,0x00000000f9980000)
  to   space 95232K, 0% used [0x00000000fa300000,0x00000000fa300000,0x0000000100000000)
 ParOldGen       total 210944K, used 99651K [0x00000000a0000000, 0x00000000ace00000, 0x00000000e0000000)
  object space 210944K, 47% used [0x00000000a0000000,0x00000000a6150e10,0x00000000ace00000)
 Metaspace       used 76717K, capacity 77428K, committed 77720K, reserved 1112064K
  class space    used 13944K, capacity 14132K, committed 14248K, reserved 1048576K
}
Event: 367.314 GC heap before
{Heap before GC invocations=21 (full 5):
 PSYoungGen      total 419328K, used 419175K [0x00000000e0000000, 0x0000000100000000, 0x0000000100000000)
  eden space 348672K, 100% used [0x00000000e0000000,0x00000000f5480000,0x00000000f5480000)
  from space 70656K, 99% used [0x00000000f5480000,0x00000000f9959fa0,0x00000000f9980000)
  to   space 95232K, 0% used [0x00000000fa300000,0x00000000fa300000,0x0000000100000000)
 ParOldGen       total 210944K, used 99651K [0x00000000a0000000, 0x00000000ace00000, 0x00000000e0000000)
  object space 210944K, 47% used [0x00000000a0000000,0x00000000a6150e10,0x00000000ace00000)
 Metaspace       used 76902K, capacity 77600K, committed 77976K, reserved 1114112K
  class space    used 13952K, capacity 14166K, committed 14248K, reserved 1048576K
Event: 367.408 GC heap after
Heap after GC invocations=21 (full 5):
 PSYoungGen      total 411648K, used 74186K [0x00000000e0000000, 0x0000000100000000, 0x0000000100000000)
  eden space 316416K, 0% used [0x00000000e0000000,0x00000000e0000000,0x00000000f3500000)
  from space 95232K, 77% used [0x00000000fa300000,0x00000000feb72b60,0x0000000100000000)
  to   space 103936K, 0% used [0x00000000f3500000,0x00000000f3500000,0x00000000f9a80000)
 ParOldGen       total 210944K, used 99659K [0x00000000a0000000, 0x00000000ace00000, 0x00000000e0000000)
  object space 210944K, 47% used [0x00000000a0000000,0x00000000a6152e10,0x00000000ace00000)
 Metaspace       used 76902K, capacity 77600K, committed 77976K, reserved 1114112K
  class space    used 13952K, capacity 14166K, committed 14248K, reserved 1048576K
}
Event: 377.654 GC heap before
{Heap before GC invocations=22 (full 5):
 PSYoungGen      total 411648K, used 390602K [0x00000000e0000000, 0x0000000100000000, 0x0000000100000000)
  eden space 316416K, 100% used [0x00000000e0000000,0x00000000f3500000,0x00000000f3500000)
  from space 95232K, 77% used [0x00000000fa300000,0x00000000feb72b60,0x0000000100000000)
  to   space 103936K, 0% used [0x00000000f3500000,0x00000000f3500000,0x00000000f9a80000)
 ParOldGen       total 210944K, used 99659K [0x00000000a0000000, 0x00000000ace00000, 0x00000000e0000000)
  object space 210944K, 47% used [0x00000000a0000000,0x00000000a6152e10,0x00000000ace00000)
 Metaspace       used 76919K, capacity 77600K, committed 77976K, reserved 1114112K
  class space    used 13952K, capacity 14166K, committed 14248K, reserved 1048576K
Event: 377.715 GC heap after
Heap after GC invocations=22 (full 5):
 PSYoungGen      total 390656K, used 73829K [0x00000000e0000000, 0x0000000100000000, 0x0000000100000000)
  eden space 316416K, 0% used [0x00000000e0000000,0x00000000e0000000,0x00000000f3500000)
  from space 74240K, 99% used [0x00000000f3500000,0x00000000f7d194e8,0x00000000f7d80000)
  to   space 110080K, 0% used [0x00000000f9480000,0x00000000f9480000,0x0000000100000000)
 ParOldGen       total 210944K, used 99667K [0x00000000a0000000, 0x00000000ace00000, 0x00000000e0000000)
  object space 210944K, 47% used [0x00000000a0000000,0x00000000a6154e10,0x00000000ace00000)
 Metaspace       used 76919K, capacity 77600K, committed 77976K, reserved 1114112K
  class space    used 13952K, capacity 14166K, committed 14248K, reserved 1048576K
}
Event: 713.284 GC heap before
{Heap before GC invocations=23 (full 5):
 PSYoungGen      total 390656K, used 390245K [0x00000000e0000000, 0x0000000100000000, 0x0000000100000000)
  eden space 316416K, 100% used [0x00000000e0000000,0x00000000f3500000,0x00000000f3500000)
  from space 74240K, 99% used [0x00000000f3500000,0x00000000f7d194e8,0x00000000f7d80000)
  to   space 110080K, 0% used [0x00000000f9480000,0x00000000f9480000,0x0000000100000000)
 ParOldGen       total 210944K, used 99667K [0x00000000a0000000, 0x00000000ace00000, 0x00000000e0000000)
  object space 210944K, 47% used [0x00000000a0000000,0x00000000a6154e10,0x00000000ace00000)
 Metaspace       used 77002K, capacity 77664K, committed 77976K, reserved 1114112K
  class space    used 13952K, capacity 14166K, committed 14248K, reserved 1048576K
Event: 713.379 GC heap after
Heap after GC invocations=23 (full 5):
 PSYoungGen      total 402944K, used 76017K [0x00000000e0000000, 0x0000000100000000, 0x0000000100000000)
  eden space 292864K, 0% used [0x00000000e0000000,0x00000000e0000000,0x00000000f1e00000)
  from space 110080K, 69% used [0x00000000f9480000,0x00000000fdebc5d0,0x0000000100000000)
  to   space 115712K, 0% used [0x00000000f1e00000,0x00000000f1e00000,0x00000000f8f00000)
 ParOldGen       total 210944K, used 99667K [0x00000000a0000000, 0x00000000ace00000, 0x00000000e0000000)
  object space 210944K, 47% used [0x00000000a0000000,0x00000000a6154e10,0x00000000ace00000)
 Metaspace       used 77002K, capacity 77664K, committed 77976K, reserved 1114112K
  class space    used 13952K, capacity 14166K, committed 14248K, reserved 1048576K
}
Event: 1188.957 GC heap before
{Heap before GC invocations=24 (full 5):
 PSYoungGen      total 402944K, used 368881K [0x00000000e0000000, 0x0000000100000000, 0x0000000100000000)
  eden space 292864K, 100% used [0x00000000e0000000,0x00000000f1e00000,0x00000000f1e00000)
  from space 110080K, 69% used [0x00000000f9480000,0x00000000fdebc5d0,0x0000000100000000)
  to   space 115712K, 0% used [0x00000000f1e00000,0x00000000f1e00000,0x00000000f8f00000)
 ParOldGen       total 210944K, used 99667K [0x00000000a0000000, 0x00000000ace00000, 0x00000000e0000000)
  object space 210944K, 47% used [0x00000000a0000000,0x00000000a6154e10,0x00000000ace00000)
 Metaspace       used 77013K, capacity 77728K, committed 77976K, reserved 1114112K
  class space    used 13952K, capacity 14166K, committed 14248K, reserved 1048576K

Deoptimization events (10 events):
Event: 315.887 Thread 0x00000000583b7000 Uncommon trap: reason=unstable_if action=reinterpret pc=0x0000000005cdd808 method=com.sun.org.apache.xerces.internal.impl.XMLEntityScanner.scanData(Ljava/lang/String;Lcom/sun/org/apache/xerces/internal/util/XMLStringBuffer;)Z @ 923
Event: 315.887 Thread 0x00000000583b7000 Uncommon trap: reason=unstable_if action=reinterpret pc=0x0000000003b43c58 method=com.sun.org.apache.xerces.internal.impl.XMLEntityScanner.scanData(Ljava/lang/String;Lcom/sun/org/apache/xerces/internal/util/XMLStringBuffer;)Z @ 923
Event: 315.888 Thread 0x00000000583b7000 Uncommon trap: reason=unstable_if action=reinterpret pc=0x0000000005c241f0 method=com.sun.org.apache.xerces.internal.impl.XMLEntityScanner.scanContent(Lcom/sun/org/apache/xerces/internal/xni/XMLString;)I @ 418
Event: 315.888 Thread 0x00000000583b7000 Uncommon trap: reason=unstable_if action=reinterpret pc=0x0000000005bb89d0 method=com.sun.org.apache.xerces.internal.impl.XMLScanner.scanCharReferenceValue(Lcom/sun/org/apache/xerces/internal/util/XMLStringBuffer;Lcom/sun/org/apache/xerces/internal/util/X
Event: 342.235 Thread 0x00000000583b7000 Uncommon trap: reason=class_check action=maybe_recompile pc=0x0000000005d3f0a0 method=sbt.ivyint.MergedDescriptors.getParentRevisionId()Lorg/apache/ivy/core/module/id/ModuleRevisionId; @ 4
Event: 342.236 Thread 0x00000000583b7000 Uncommon trap: reason=class_check action=maybe_recompile pc=0x0000000005d3f0a0 method=sbt.ivyint.MergedDescriptors.getParentRevisionId()Lorg/apache/ivy/core/module/id/ModuleRevisionId; @ 4
Event: 342.530 Thread 0x00000000583b7000 Uncommon trap: reason=class_check action=maybe_recompile pc=0x0000000005d3f0a0 method=sbt.ivyint.MergedDescriptors.getParentRevisionId()Lorg/apache/ivy/core/module/id/ModuleRevisionId; @ 4
Event: 349.961 Thread 0x00000000583b7000 Uncommon trap: reason=unstable_if action=reinterpret pc=0x0000000005d098cc method=org.apache.ivy.core.resolve.ResolveEngine.computeConflicts(Lorg/apache/ivy/core/resolve/VisitNode;Lorg/apache/ivy/core/resolve/VisitNode;Ljava/lang/String;Ljava/util/Collect
Event: 388.443 Thread 0x00000000583b7000 Uncommon trap: reason=unstable_if action=reinterpret pc=0x0000000004011f5c method=com.sun.org.apache.xerces.internal.impl.XMLEntityScanner.scanChar(Lcom/sun/org/apache/xerces/internal/impl/XMLScanner$NameType;)I @ 59
Event: 397.455 Thread 0x00000000583b7000 Uncommon trap: reason=class_check action=maybe_recompile pc=0x00000000047eba9c method=java.util.AbstractCollection.toString()Ljava/lang/String; @ 1

Classes redefined (0 events):
No events

Internal exceptions (10 events):
Event: 331.803 Thread 0x00000000583b7000 Exception <a 'java/security/PrivilegedActionException'> (0x00000000f1030d50) thrown at [C:\re\workspace\8-2-build-windows-amd64-cygwin\jdk8u161\10277\hotspot\src\share\vm\prims\jvm.cpp, line 1390]
Event: 331.803 Thread 0x00000000583b7000 Exception <a 'java/security/PrivilegedActionException'> (0x00000000f1033010) thrown at [C:\re\workspace\8-2-build-windows-amd64-cygwin\jdk8u161\10277\hotspot\src\share\vm\prims\jvm.cpp, line 1390]
Event: 332.252 Thread 0x00000000583b7000 Exception <a 'java/security/PrivilegedActionException'> (0x00000000f10fadd8) thrown at [C:\re\workspace\8-2-build-windows-amd64-cygwin\jdk8u161\10277\hotspot\src\share\vm\prims\jvm.cpp, line 1390]
Event: 332.253 Thread 0x00000000583b7000 Exception <a 'java/security/PrivilegedActionException'> (0x00000000f10fca80) thrown at [C:\re\workspace\8-2-build-windows-amd64-cygwin\jdk8u161\10277\hotspot\src\share\vm\prims\jvm.cpp, line 1390]
Event: 332.548 Thread 0x00000000583b7000 Exception <a 'java/security/PrivilegedActionException'> (0x00000000f1133380) thrown at [C:\re\workspace\8-2-build-windows-amd64-cygwin\jdk8u161\10277\hotspot\src\share\vm\prims\jvm.cpp, line 1390]
Event: 332.548 Thread 0x00000000583b7000 Exception <a 'java/security/PrivilegedActionException'> (0x00000000f1135028) thrown at [C:\re\workspace\8-2-build-windows-amd64-cygwin\jdk8u161\10277\hotspot\src\share\vm\prims\jvm.cpp, line 1390]
Event: 388.768 Thread 0x00000000583b7000 Exception <a 'java/security/PrivilegedActionException'> (0x00000000e2ffc018) thrown at [C:\re\workspace\8-2-build-windows-amd64-cygwin\jdk8u161\10277\hotspot\src\share\vm\prims\jvm.cpp, line 1390]
Event: 388.769 Thread 0x00000000583b7000 Exception <a 'java/security/PrivilegedActionException'> (0x00000000e2ffdea8) thrown at [C:\re\workspace\8-2-build-windows-amd64-cygwin\jdk8u161\10277\hotspot\src\share\vm\prims\jvm.cpp, line 1390]
Event: 389.611 Thread 0x00000000583b7000 Exception <a 'java/security/PrivilegedActionException'> (0x00000000e309f600) thrown at [C:\re\workspace\8-2-build-windows-amd64-cygwin\jdk8u161\10277\hotspot\src\share\vm\prims\jvm.cpp, line 1390]
Event: 389.611 Thread 0x00000000583b7000 Exception <a 'java/security/PrivilegedActionException'> (0x00000000e30a1490) thrown at [C:\re\workspace\8-2-build-windows-amd64-cygwin\jdk8u161\10277\hotspot\src\share\vm\prims\jvm.cpp, line 1390]

Events (10 events):
Event: 1066.057 Thread 0x0000000058353000 flushing nmethod 0x000000000482ab10
Event: 1066.075 Thread 0x00000000583ab800 flushing nmethod 0x00000000048c0190
Event: 1066.075 Thread 0x00000000583ab800 flushing nmethod 0x00000000048c14d0
Event: 1069.962 Executing VM operation: RevokeBias
Event: 1069.962 Executing VM operation: RevokeBias done
Event: 1069.962 Executing VM operation: RevokeBias
Event: 1069.963 Executing VM operation: RevokeBias done
Event: 1069.963 Thread 0x00000000583b3000 Thread exited: 0x00000000583b3000
Event: 1183.957 Thread 0x00000000583b3000 Thread added: 0x00000000583b3000
Event: 1188.957 Executing VM operation: ParallelGCFailedAllocation


Dynamic libraries:
0x000000013fa80000 - 0x000000013fab7000 	C:\Program Files\Java\jdk1.8.0_161\bin\java.exe
0x00000000777d0000 - 0x000000007797a000 	C:\WINDOWS\SYSTEM32\ntdll.dll
0x00000000776b0000 - 0x00000000777cf000 	C:\WINDOWS\system32\kernel32.dll
0x000007fefd7e0000 - 0x000007fefd84a000 	C:\WINDOWS\system32\KERNELBASE.dll
0x000007fefe8c0000 - 0x000007fefe99b000 	C:\WINDOWS\system32\ADVAPI32.dll
0x000007fefe140000 - 0x000007fefe1df000 	C:\WINDOWS\system32\msvcrt.dll
0x000007fefe9a0000 - 0x000007fefe9bf000 	C:\WINDOWS\SYSTEM32\sechost.dll
0x000007feff9b0000 - 0x000007feffadd000 	C:\WINDOWS\system32\RPCRT4.dll
0x00000000775b0000 - 0x00000000776aa000 	C:\WINDOWS\system32\USER32.dll
0x000007fefe540000 - 0x000007fefe5a7000 	C:\WINDOWS\system32\GDI32.dll
0x000007feff8d0000 - 0x000007feff8de000 	C:\WINDOWS\system32\LPK.dll
0x000007fefe060000 - 0x000007fefe12b000 	C:\WINDOWS\system32\USP10.dll
0x000007fefb620000 - 0x000007fefb814000 	C:\WINDOWS\WinSxS\amd64_microsoft.windows.common-controls_6595b64144ccf1df_6.0.7601.18837_none_fa3b1e3d17594757\COMCTL32.dll
0x000007feff8e0000 - 0x000007feff951000 	C:\WINDOWS\system32\SHLWAPI.dll
0x000007fefe1e0000 - 0x000007fefe20e000 	C:\WINDOWS\system32\IMM32.DLL
0x000007fefe5b0000 - 0x000007fefe6b9000 	C:\WINDOWS\system32\MSCTF.dll
0x000007fefc670000 - 0x000007fefc71c000 	C:\WINDOWS\system32\tmumh\20019\AddOn\7.0.0.1142\TmUmEvt64.dll
0x0000000077990000 - 0x0000000077997000 	C:\WINDOWS\system32\PSAPI.DLL
0x0000000075110000 - 0x000000007522d000 	C:\WINDOWS\system32\tmumh\20019\TmMon\2.5.0.2070\tmmon64.dll
0x0000000079080000 - 0x0000000079152000 	C:\Program Files\Java\jdk1.8.0_161\jre\bin\msvcr100.dll
0x0000000070120000 - 0x00000000709bf000 	C:\Program Files\Java\jdk1.8.0_161\jre\bin\server\jvm.dll
0x000007feec430000 - 0x000007feec439000 	C:\WINDOWS\system32\WSOCK32.dll
0x000007feff960000 - 0x000007feff9ad000 	C:\WINDOWS\system32\WS2_32.dll
0x000007fefe130000 - 0x000007fefe138000 	C:\WINDOWS\system32\NSI.dll
0x000007fefb360000 - 0x000007fefb39b000 	C:\WINDOWS\system32\WINMM.dll
0x000007fefc4e0000 - 0x000007fefc4ec000 	C:\WINDOWS\system32\VERSION.dll
0x0000000072d70000 - 0x0000000072d7f000 	C:\Program Files\Java\jdk1.8.0_161\jre\bin\verify.dll
0x0000000072d40000 - 0x0000000072d69000 	C:\Program Files\Java\jdk1.8.0_161\jre\bin\java.dll
0x0000000072d20000 - 0x0000000072d36000 	C:\Program Files\Java\jdk1.8.0_161\jre\bin\zip.dll
0x000007fefeac0000 - 0x000007feff84a000 	C:\WINDOWS\system32\SHELL32.dll
0x000007fefde60000 - 0x000007fefe05c000 	C:\WINDOWS\system32\ole32.dll
0x000007fefd4d0000 - 0x000007fefd4df000 	C:\WINDOWS\system32\profapi.dll
0x0000000072180000 - 0x000000007219a000 	C:\Program Files\Java\jdk1.8.0_161\jre\bin\net.dll
0x000007fefcc50000 - 0x000007fefcca5000 	C:\WINDOWS\system32\mswsock.dll
0x000007fefcc40000 - 0x000007fefcc47000 	C:\WINDOWS\System32\wship6.dll
0x0000000071030000 - 0x0000000071041000 	C:\Program Files\Java\jdk1.8.0_161\jre\bin\nio.dll
0x000007fefccb0000 - 0x000007fefccc8000 	C:\WINDOWS\system32\CRYPTSP.dll
0x000007fefc9b0000 - 0x000007fefc9f7000 	C:\WINDOWS\system32\rsaenh.dll
0x000007fefd850000 - 0x000007fefd86e000 	C:\WINDOWS\system32\USERENV.dll
0x000007fefd320000 - 0x000007fefd32f000 	C:\WINDOWS\system32\CRYPTBASE.dll
0x000007fefbb40000 - 0x000007fefbb67000 	C:\WINDOWS\system32\IPHLPAPI.DLL
0x000007fefbb20000 - 0x000007fefbb2b000 	C:\WINDOWS\system32\WINNSI.DLL
0x000007fefa960000 - 0x000007fefa978000 	C:\WINDOWS\system32\dhcpcsvc.DLL
0x000007fefa940000 - 0x000007fefa951000 	C:\WINDOWS\system32\dhcpcsvc6.DLL
0x000007fee50d0000 - 0x000007fee50da000 	C:\Users\nbn3458\AppData\Local\Temp\jansi-64-1-4735793111858326317.11
0x000007fefbcd0000 - 0x000007fefbce5000 	C:\WINDOWS\system32\NLAapi.dll
0x000007fee7ae0000 - 0x000007fee7af5000 	C:\WINDOWS\system32\napinsp.dll
0x000007fee7b00000 - 0x000007fee7b19000 	C:\WINDOWS\system32\pnrpnsp.dll
0x000007fefcad0000 - 0x000007fefcb2b000 	C:\WINDOWS\system32\DNSAPI.dll
0x000007fee7ad0000 - 0x000007fee7adb000 	C:\WINDOWS\System32\winrnr.dll
0x000007fee7ac0000 - 0x000007fee7ad0000 	C:\WINDOWS\system32\wshbth.dll
0x000007fefc5b0000 - 0x000007fefc5b7000 	C:\WINDOWS\System32\wshtcpip.dll
0x000007fee9aa0000 - 0x000007fee9aa8000 	C:\WINDOWS\system32\rasadhlp.dll
0x000007fefaa10000 - 0x000007fefaa63000 	C:\WINDOWS\System32\fwpuclnt.dll
0x000000006dae0000 - 0x000000006db04000 	C:\Program Files\Java\jdk1.8.0_161\jre\bin\sunec.dll
0x0000000072d10000 - 0x0000000072d1b000 	C:\Program Files\Java\jdk1.8.0_161\jre\bin\sunmscapi.dll
0x000007fefd620000 - 0x000007fefd78d000 	C:\WINDOWS\system32\CRYPT32.dll
0x000007fefd4c0000 - 0x000007fefd4cf000 	C:\WINDOWS\system32\MSASN1.dll
0x000007feef970000 - 0x000007feefa95000 	C:\WINDOWS\system32\dbghelp.dll

VM Arguments:
jvm_args: -Djline.terminal=jline.UnsupportedTerminal -Dsbt.log.noformat=true -Dfile.encoding=UTF-8 -Didea.managed=true -Xmx1536M -XX:MaxPermSize=384M -Dfile.encoding=UTF-8 
java_command: C:/Users/nbn3458/.IntelliJIdea2017.3/config/plugins/Scala/launcher/sbt-launch.jar
java_class_path (initial): C:/Users/nbn3458/.IntelliJIdea2017.3/config/plugins/Scala/launcher/sbt-launch.jar
Launcher Type: SUN_STANDARD

Environment Variables:
PATH=C:\ProgramData\Oracle\Java\javapath;C:\WINDOWS\system32;C:\WINDOWS;C:\WINDOWS\System32\Wbem;C:\WINDOWS\System32\WindowsPowerShell\v1.0\;C:\Program Files (x86)\Enterprise Vault\EVClient\;C:\Program Files (x86)\Skype\Phone\;C:\Users\nbn3458\.dnx\bin;C:\Program Files\Microsoft DNX\Dnvm\;C:\Program Files\Microsoft SQL Server\130\Tools\Binn\;C:\Program Files\Git\cmd;C:\Program Files\Microsoft SQL Server\110\DTS\Binn\;C:\Program Files (x86)\Microsoft SQL Server\110\Tools\Binn\;C:\Program Files\Microsoft SQL Server\110\Tools\Binn\;C:\Program Files (x86)\Microsoft SQL Server\110\Tools\Binn\ManagementStudio\;C:\Program Files (x86)\Microsoft Visual Studio 10.0\Common7\IDE\PrivateAssemblies\;C:\Program Files (x86)\Microsoft SQL Server\110\DTS\Binn\;C:\Program Files (x86)\Sennheiser\SoftphoneSDK\;C:\Program Files (x86)\sbt\bin;C:\Program Files\Java\jdk1.7.0_51\bin;
USERNAME=nbn3458
OS=Windows_NT
PROCESSOR_IDENTIFIER=Intel64 Family 6 Model 78 Stepping 3, GenuineIntel



---------------  S Y S T E M  ---------------

OS: Windows 7 , 64 bit Build 7601 (6.1.7601.23915)

CPU:total 4 (initial active 4) (2 cores per cpu, 2 threads per core) family 6 model 78 stepping 3, cmov, cx8, fxsr, mmx, sse, sse2, sse3, ssse3, sse4.1, sse4.2, popcnt, avx, avx2, aes, clmul, erms, rtm, 3dnowpref, lzcnt, ht, tsc, tscinvbit, bmi1, bmi2, adx

Memory: 4k page, physical 16174844k(2896412k free), swap 32347828k(13700076k free)

vm_info: Java HotSpot(TM) 64-Bit Server VM (25.161-b12) for windows-amd64 JRE (1.8.0_161-b12), built on Dec 19 2017 17:52:25 by "java_re" with MS VC++ 10.0 (VS2010)

time: Wed Feb 21 11:31:16 2018
elapsed time: 1189 seconds (0d 0h 19m 49s)

